<?xml version="1.0" encoding="UTF-8"?>
<!-- Generated by org.testng.reporters.JUnitReportReporter -->
<testsuite hostname="LAPTOP-MDIQCQI1" failures="0" tests="1" name="com.demo.test.TestNgMavenExample" time="16.624" errors="0" timestamp="2023-02-28T12:51:05 IST" skipped="0">
  <testcase classname="com.demo.test.TestNgMavenExample" name="contactspage" time="16.624"/>
  <system-out/>
</testsuite> <!-- com.demo.test.TestNgMavenExample -->
