<?xml version="1.0" encoding="UTF-8"?>
<!-- Generated by org.testng.reporters.JUnitReportReporter -->
<testsuite hostname="LAPTOP-MDIQCQI1" failures="0" tests="6" name="com.javacodegeeks.testng.maven.TestNgMavenExample" time="5.113" errors="1" timestamp="2023-02-24T23:15:40 IST" skipped="5">
  <testcase classname="com.javacodegeeks.testng.maven.TestNgMavenExample" name="calenderpageobjects" time="0.000">
    <skipped/>
  </testcase> <!-- calenderpageobjects -->
  <system-out/>
  <testcase classname="com.javacodegeeks.testng.maven.TestNgMavenExample" name="openBrowser" time="5.112">
    <error message="Cannot invoke &quot;com.javacodegeeks.testng.maven.LoginPageObjects.Login()&quot; because &quot;this.loginPageObjects&quot; is null" type="java.lang.NullPointerException">
      <![CDATA[java.lang.NullPointerException: Cannot invoke "com.javacodegeeks.testng.maven.LoginPageObjects.Login()" because "this.loginPageObjects" is null
at com.javacodegeeks.testng.maven.TestNgMavenExample.openBrowser(TestNgMavenExample.java:34)
at java.base/jdk.internal.reflect.NativeMethodAccessorImpl.invoke0(Native Method)
at java.base/jdk.internal.reflect.NativeMethodAccessorImpl.invoke(NativeMethodAccessorImpl.java:77)
at java.base/jdk.internal.reflect.DelegatingMethodAccessorImpl.invoke(DelegatingMethodAccessorImpl.java:43)
at java.base/java.lang.reflect.Method.invoke(Method.java:568)
at org.testng.internal.invokers.MethodInvocationHelper.invokeMethod(MethodInvocationHelper.java:139)
at org.testng.internal.invokers.MethodInvocationHelper.invokeMethodConsideringTimeout(MethodInvocationHelper.java:69)
at org.testng.internal.invokers.ConfigInvoker.invokeConfigurationMethod(ConfigInvoker.java:361)
at org.testng.internal.invokers.ConfigInvoker.invokeConfigurations(ConfigInvoker.java:296)
at org.testng.internal.invokers.TestInvoker.runConfigMethods(TestInvoker.java:816)
at org.testng.internal.invokers.TestInvoker.invokeMethod(TestInvoker.java:590)
at org.testng.internal.invokers.TestInvoker.invokeTestMethod(TestInvoker.java:221)
at org.testng.internal.invokers.MethodRunner.runInSequence(MethodRunner.java:50)
at org.testng.internal.invokers.TestInvoker$MethodInvocationAgent.invoke(TestInvoker.java:962)
at org.testng.internal.invokers.TestInvoker.invokeTestMethods(TestInvoker.java:194)
at org.testng.internal.invokers.TestMethodWorker.invokeTestMethods(TestMethodWorker.java:148)
at org.testng.internal.invokers.TestMethodWorker.run(TestMethodWorker.java:128)
at java.base/java.util.ArrayList.forEach(ArrayList.java:1511)
at org.testng.TestRunner.privateRun(TestRunner.java:806)
at org.testng.TestRunner.run(TestRunner.java:601)
at org.testng.SuiteRunner.runTest(SuiteRunner.java:433)
at org.testng.SuiteRunner.runSequentially(SuiteRunner.java:427)
at org.testng.SuiteRunner.privateRun(SuiteRunner.java:387)
at org.testng.SuiteRunner.run(SuiteRunner.java:330)
at org.testng.SuiteRunnerWorker.runSuite(SuiteRunnerWorker.java:52)
at org.testng.SuiteRunnerWorker.run(SuiteRunnerWorker.java:95)
at org.testng.TestNG.runSuitesSequentially(TestNG.java:1256)
at org.testng.TestNG.runSuitesLocally(TestNG.java:1176)
at org.testng.TestNG.runSuites(TestNG.java:1099)
at org.testng.TestNG.run(TestNG.java:1067)
at org.testng.remote.AbstractRemoteTestNG.run(AbstractRemoteTestNG.java:115)
at org.testng.remote.RemoteTestNG.initAndRun(RemoteTestNG.java:251)
at org.testng.remote.RemoteTestNG.main(RemoteTestNG.java:77)
]]>
    </error>
  </testcase> <!-- openBrowser -->
  <system-out/>
  <testcase classname="com.javacodegeeks.testng.maven.TestNgMavenExample" name="DealPageObjects" time="0.000">
    <skipped/>
  </testcase> <!-- DealPageObjects -->
  <system-out/>
  <testcase classname="com.javacodegeeks.testng.maven.TestNgMavenExample" name="companiespageobjects" time="0.000">
    <skipped/>
  </testcase> <!-- companiespageobjects -->
  <system-out/>
  <testcase classname="com.javacodegeeks.testng.maven.TestNgMavenExample" name="exampleOfTestNgMaven" time="0.001">
    <skipped/>
  </testcase> <!-- exampleOfTestNgMaven -->
  <system-out/>
  <testcase classname="com.javacodegeeks.testng.maven.TestNgMavenExample" name="contactspageobjects" time="0.000">
    <skipped/>
  </testcase> <!-- contactspageobjects -->
  <system-out/>
</testsuite> <!-- com.javacodegeeks.testng.maven.TestNgMavenExample -->
