<?xml version="1.0" encoding="UTF-8"?>
<!-- Generated by org.testng.reporters.JUnitReportReporter -->
<testsuite hostname="DESKTOP-KQK6MQC" failures="0" tests="1" name="com.javacodegeeks.testng.maven.TestNgMavenExample" time="96.127" errors="0" timestamp="2022-07-11T00:25:52 IST" skipped="0">
  <testcase classname="com.javacodegeeks.testng.maven.TestNgMavenExample" name="exampleOfTestNgMaven" time="96.127"/>
  <system-out/>
</testsuite> <!-- com.javacodegeeks.testng.maven.TestNgMavenExample -->
